b:\git\nanogui final\test 64\plantilla_nanogui_x64\x64\debug\vc142.pdb
b:\git\nanogui final\test 64\plantilla_nanogui_x64\x64\debug\vc142.idb
b:\git\nanogui final\test 64\plantilla_nanogui_x64\x64\debug\screen.obj
b:\git\nanogui final\test 64\plantilla_nanogui_x64\x64\debug\resources.obj
b:\git\nanogui final\test 64\plantilla_nanogui_x64\x64\debug\progressbar.obj
b:\git\nanogui final\test 64\plantilla_nanogui_x64\x64\debug\popupbutton.obj
b:\git\nanogui final\test 64\plantilla_nanogui_x64\x64\debug\popup.obj
b:\git\nanogui final\test 64\plantilla_nanogui_x64\x64\debug\messagedialog.obj
b:\git\nanogui final\test 64\plantilla_nanogui_x64\x64\debug\layout.obj
b:\git\nanogui final\test 64\plantilla_nanogui_x64\x64\debug\label.obj
b:\git\nanogui final\test 64\plantilla_nanogui_x64\x64\debug\imageview.obj
b:\git\nanogui final\test 64\plantilla_nanogui_x64\x64\debug\imagepanel.obj
b:\git\nanogui final\test 64\plantilla_nanogui_x64\x64\debug\graph.obj
b:\git\nanogui final\test 64\plantilla_nanogui_x64\x64\debug\dropdownbox.obj
b:\git\nanogui final\test 64\plantilla_nanogui_x64\x64\debug\combobox.obj
b:\git\nanogui final\test 64\plantilla_nanogui_x64\x64\debug\colorwheel.obj
b:\git\nanogui final\test 64\plantilla_nanogui_x64\x64\debug\colorpicker.obj
b:\git\nanogui final\test 64\plantilla_nanogui_x64\x64\debug\checkbox.obj
b:\git\nanogui final\test 64\plantilla_nanogui_x64\x64\debug\button.obj
b:\git\nanogui final\test 64\plantilla_nanogui_x64\x64\debug\main.obj
b:\git\nanogui final\test 64\plantilla_nanogui_x64\x64\debug\window.obj
b:\git\nanogui final\test 64\plantilla_nanogui_x64\x64\debug\widget.obj
b:\git\nanogui final\test 64\plantilla_nanogui_x64\x64\debug\vscrollpanel.obj
b:\git\nanogui final\test 64\plantilla_nanogui_x64\x64\debug\theme.obj
b:\git\nanogui final\test 64\plantilla_nanogui_x64\x64\debug\textbox.obj
b:\git\nanogui final\test 64\plantilla_nanogui_x64\x64\debug\tabwidget.obj
b:\git\nanogui final\test 64\plantilla_nanogui_x64\x64\debug\tabheader.obj
b:\git\nanogui final\test 64\plantilla_nanogui_x64\x64\debug\switchbox.obj
b:\git\nanogui final\test 64\plantilla_nanogui_x64\x64\debug\stackedwidget.obj
b:\git\nanogui final\test 64\plantilla_nanogui_x64\x64\debug\slider.obj
b:\git\nanogui final\test 64\plantilla_nanogui_x64\x64\debug\plantilla_nanogui_x64.exe
b:\git\nanogui final\test 64\plantilla_nanogui_x64\x64\debug\plantilla_nanogui_x64.ilk
b:\git\nanogui final\test 64\plantilla_nanogui_x64\x64\debug\plantilla_nanogui_x64.pdb
b:\git\nanogui final\test 64\plantilla_nanogui_x64\x64\debug\plantill.d9868611.tlog\cl.command.1.tlog
b:\git\nanogui final\test 64\plantilla_nanogui_x64\x64\debug\plantill.d9868611.tlog\cl.read.1.tlog
b:\git\nanogui final\test 64\plantilla_nanogui_x64\x64\debug\plantill.d9868611.tlog\cl.write.1.tlog
b:\git\nanogui final\test 64\plantilla_nanogui_x64\x64\debug\plantill.d9868611.tlog\link.command.1.tlog
b:\git\nanogui final\test 64\plantilla_nanogui_x64\x64\debug\plantill.d9868611.tlog\link.read.1.tlog
b:\git\nanogui final\test 64\plantilla_nanogui_x64\x64\debug\plantill.d9868611.tlog\link.write.1.tlog
